<?xml version="1.0" encoding="UTF-8"?>
<!-- Generated by org.testng.reporters.JUnitReportReporter -->
<testsuite hostname="DESKTOP-LRG57QC" failures="0" tests="2" name="seleniumlive.advanceReports" time="16.460" errors="0" timestamp="2023-03-31T19:34:18 IST" skipped="0">
  <testcase classname="seleniumlive.advanceReports" name="testcase1" time="7.428"/>
  <system-out/>
  <testcase classname="seleniumlive.advanceReports" name="testcase2" time="9.032"/>
  <system-out/>
</testsuite> <!-- seleniumlive.advanceReports -->
