<?xml version="1.0" encoding="UTF-8"?>
<!-- Generated by org.testng.reporters.JUnitReportReporter -->
<testsuite hostname="DESKTOP-LRG57QC" failures="0" tests="1" name="seleniumlive.property_file" time="4.971" errors="0" timestamp="2023-03-31T18:00:54 IST" skipped="0">
  <testcase classname="seleniumlive.property_file" name="verifyLogin" time="4.971"/>
  <system-out>
    <![CDATA[Login Success::Dashboard « Stock Accounting  Dashboard « Stock Accounting]]>
  </system-out>
</testsuite> <!-- seleniumlive.property_file -->
